<?xml version="1.0" encoding="UTF-8"?>
<testsuite xmlns:xsi="http://www.w3.org/2001/XMLSchema-instance" xsi:noNamespaceSchemaLocation="https://maven.apache.org/surefire/maven-surefire-plugin/xsd/surefire-test-report.xsd" version="3.0.2" name="com.mascotas.mascotas.MascotasApplicationTests" time="3.207" tests="1" errors="0" skipped="0" failures="0">
  <properties>
[...]
</properties>
  <testcase name="contextLoads" classname="com.mascotas.mascotas.MascotasApplicationTests" time="0.274">
    <system-out><![CDATA[10:08:43.082 [main] INFO org.springframework.test.context.support.AnnotationConfigContextLoaderUtils -- Could not detect default configuration classes for test class [com.mascotas.mascotas.MascotasApplicationTests]: MascotasApplicationTests does not declare any static, non-private, non-final, nested classes annotated with @Configuration.
10:08:43.141 [main] INFO org.springframework.boot.test.context.SpringBootTestContextBootstrapper -- Found @SpringBootConfiguration com.mascotas.mascotas.MascotasApplication for test class com.mascotas.mascotas.MascotasApplicationTests
10:08:43.228 [main] INFO org.springframework.boot.devtools.restart.RestartApplicationListener -- Restart disabled due to context in which it is running

  .   ____          _            __ _ _
 /\\ / ___'_ __ _ _(_)_ __  __ _ \ \ \ \
( ( )\___ | '_ | '_| | '_ \/ _` | \ \ \ \
 \\/  ___)| |_)| | | | | || (_| |  ) ) ) )
  '  |____| .__|_| |_|_| |_\__, | / / / /
 =========|_|==============|___/=/_/_/_/

 :: Spring Boot ::                (v3.5.4)

2025-07-25T10:08:43.356-05:00  INFO 26450 --- [mascotas] [           main] c.m.mascotas.MascotasApplicationTests    : Starting MascotasApplicationTests using Java 17.0.8 with PID 26450 (started by andrescobena in /Users/andrescobena/Downloads/proyecto 2p/mascotas)
2025-07-25T10:08:43.356-05:00  INFO 26450 --- [mascotas] [           main] c.m.mascotas.MascotasApplicationTests    : No active profile set, falling back to 1 default profile: "default"
2025-07-25T10:08:43.730-05:00  INFO 26450 --- [mascotas] [           main] .s.d.r.c.RepositoryConfigurationDelegate : Bootstrapping Spring Data JPA repositories in DEFAULT mode.
2025-07-25T10:08:43.821-05:00  INFO 26450 --- [mascotas] [           main] .s.d.r.c.RepositoryConfigurationDelegate : Finished Spring Data repository scanning in 85 ms. Found 5 JPA repository interfaces.
2025-07-25T10:08:44.083-05:00  INFO 26450 --- [mascotas] [           main] o.hibernate.jpa.internal.util.LogHelper  : HHH000204: Processing PersistenceUnitInfo [name: default]
2025-07-25T10:08:44.111-05:00  INFO 26450 --- [mascotas] [           main] org.hibernate.Version                    : HHH000412: Hibernate ORM core version 6.6.22.Final
2025-07-25T10:08:44.129-05:00  INFO 26450 --- [mascotas] [           main] o.h.c.internal.RegionFactoryInitiator    : HHH000026: Second-level cache disabled
2025-07-25T10:08:44.270-05:00  INFO 26450 --- [mascotas] [           main] o.s.o.j.p.SpringPersistenceUnitInfo      : No LoadTimeWeaver setup: ignoring JPA class transformer
2025-07-25T10:08:44.284-05:00  INFO 26450 --- [mascotas] [           main] com.zaxxer.hikari.HikariDataSource       : HikariPool-1 - Starting...
2025-07-25T10:08:44.401-05:00  INFO 26450 --- [mascotas] [           main] com.zaxxer.hikari.pool.HikariPool        : HikariPool-1 - Added connection org.postgresql.jdbc.PgConnection@71e7c13f
2025-07-25T10:08:44.402-05:00  INFO 26450 --- [mascotas] [           main] com.zaxxer.hikari.HikariDataSource       : HikariPool-1 - Start completed.
2025-07-25T10:08:44.424-05:00  WARN 26450 --- [mascotas] [           main] org.hibernate.orm.deprecation            : HHH90000025: PostgreSQLDialect does not need to be specified explicitly using 'hibernate.dialect' (remove the property setting and it will be selected by default)
2025-07-25T10:08:44.435-05:00  INFO 26450 --- [mascotas] [           main] org.hibernate.orm.connections.pooling    : HHH10001005: Database info:
	Database JDBC URL [Connecting through datasource 'HikariDataSource (HikariPool-1)']
	Database driver: undefined/unknown
	Database version: 17.5
	Autocommit mode: undefined/unknown
	Isolation level: undefined/unknown
	Minimum pool size: undefined/unknown
	Maximum pool size: undefined/unknown
2025-07-25T10:08:44.862-05:00  INFO 26450 --- [mascotas] [           main] o.h.e.t.j.p.i.JtaPlatformInitiator       : HHH000489: No JTA platform available (set 'hibernate.transaction.jta.platform' to enable JTA platform integration)
2025-07-25T10:08:45.077-05:00  INFO 26450 --- [mascotas] [           main] j.LocalContainerEntityManagerFactoryBean : Initialized JPA EntityManagerFactory for persistence unit 'default'
2025-07-25T10:08:45.391-05:00  WARN 26450 --- [mascotas] [           main] JpaBaseConfiguration$JpaWebConfiguration : spring.jpa.open-in-view is enabled by default. Therefore, database queries may be performed during view rendering. Explicitly configure spring.jpa.open-in-view to disable this warning
2025-07-25T10:08:45.419-05:00  INFO 26450 --- [mascotas] [           main] o.s.v.b.OptionalValidatorFactoryBean     : Failed to set up a Bean Validation provider: jakarta.validation.NoProviderFoundException: Unable to create a Configuration, because no Jakarta Bean Validation provider could be found. Add a provider like Hibernate Validator (RI) to your classpath.
2025-07-25T10:08:45.661-05:00  INFO 26450 --- [mascotas] [           main] efaultSchemaResourceGraphQlSourceBuilder : Loaded 1 resource(s) in the GraphQL schema.
2025-07-25T10:08:45.782-05:00  INFO 26450 --- [mascotas] [           main] o.s.b.a.g.GraphQlAutoConfiguration       : GraphQL schema inspection:
	Unmapped fields: {}
	Unmapped registrations: {}
	Unmapped arguments: {}
	Skipped types: []
2025-07-25T10:08:45.797-05:00  INFO 26450 --- [mascotas] [           main] s.b.a.g.s.GraphQlWebMvcAutoConfiguration : GraphQL endpoint HTTP POST /graphql
2025-07-25T10:08:45.929-05:00  INFO 26450 --- [mascotas] [           main] c.m.mascotas.MascotasApplicationTests    : Started MascotasApplicationTests in 2.707 seconds (process running for 3.173)
]]></system-out>
  </testcase>
</testsuite>